let name = "Kalejaiye Tobiloba";
undefined
console.log("My name is:"+ name);
VM2112:1 My name is:Kalejaiye Tobiloba
undefined
let courses = "Html, JavaScript, Css";
undefined
console.log("My courses are:"+ courses);
VM2124:1 My courses are:Html, JavaScript, Css
undefined
for (let i=0; i<=200;i++) {
    if (i % 2 !== 0) console.log(i);
}
VM2131:2 1
VM2131:2 3
VM2131:2 5
VM2131:2 7
VM2131:2 9
VM2131:2 11
VM2131:2 13
VM2131:2 15
VM2131:2 17
VM2131:2 19
VM2131:2 21
VM2131:2 23
VM2131:2 25
VM2131:2 27
VM2131:2 29
VM2131:2 31
VM2131:2 33
VM2131:2 35
VM2131:2 37
VM2131:2 39
VM2131:2 41
VM2131:2 43
VM2131:2 45
VM2131:2 47
VM2131:2 49
VM2131:2 51
VM2131:2 53
VM2131:2 55
VM2131:2 57
VM2131:2 59
VM2131:2 61
VM2131:2 63
VM2131:2 65
VM2131:2 67
VM2131:2 69
VM2131:2 71
VM2131:2 73
VM2131:2 75
VM2131:2 77
VM2131:2 79
VM2131:2 81
VM2131:2 83
VM2131:2 85
VM2131:2 87
VM2131:2 89
VM2131:2 91
VM2131:2 93
VM2131:2 95
VM2131:2 97
VM2131:2 99
VM2131:2 101
VM2131:2 103
VM2131:2 105
VM2131:2 107
VM2131:2 109
VM2131:2 111
VM2131:2 113
VM2131:2 115
VM2131:2 117
VM2131:2 119
VM2131:2 121
VM2131:2 123
VM2131:2 125
VM2131:2 127
VM2131:2 129
VM2131:2 131
VM2131:2 133
VM2131:2 135
VM2131:2 137
VM2131:2 139
VM2131:2 141
VM2131:2 143
VM2131:2 145
VM2131:2 147
VM2131:2 149
VM2131:2 151
VM2131:2 153
VM2131:2 155
VM2131:2 157
VM2131:2 159
VM2131:2 161
VM2131:2 163
VM2131:2 165
VM2131:2 167
VM2131:2 169
VM2131:2 171
VM2131:2 173
VM2131:2 175
VM2131:2 177
VM2131:2 179
VM2131:2 181
VM2131:2 183
VM2131:2 185
VM2131:2 187
VM2131:2 189
VM2131:2 191
VM2131:2 193
VM2131:2 195
VM2131:2 197
VM2131:2 199
undefined
